Arguments: 
  /usr/local/bin/node /opt/homebrew/Cellar/yarn/1.22.17_2/libexec/bin/yarn.js

PATH: 
  /opt/homebrew/bin:/opt/homebrew/sbin:/usr/local/bin:/usr/bin:/bin:/usr/sbin:/sbin:/usr/local/bin/docker:/Library/Apple/usr/bin:/Users/mohamadeldhemy/work/js-workspace/leetcode-tools/node_modules/.bin:/Users/mohamadeldhemy/work/go-workspace/bin:/opt/homebrew/opt/go/libexec/bin

Yarn version: 
  1.22.17

Node version: 
  14.19.1

Platform: 
  darwin x64

Trace: 
  Error: getaddrinfo ENOTFOUND registry.yarnpkg.com
      at GetAddrInfoReqWrap.onlookup [as oncomplete] (dns.js:71:26)

npm manifest: 
  {
    "name": "leetcode-tools",
    "version": "1.0.0",
    "description": "Leetcode tools.",
    "private": "true",
    "scripts": {
      "build": "webpack --mode=production",
      "dev": "webpack serve"
    },
    "repository": {
      "type": "git",
      "url": "git+https://github.com/imdhemy/leetcode-tools.git"
    },
    "author": "",
    "license": "MIT",
    "bugs": {
      "url": "https://github.com/imdhemy/leetcode-tools/issues"
    },
    "homepage": "https://github.com/imdhemy/leetcode-tools#readme",
    "devDependencies": {
      "copy-webpack-plugin": "^11.0.0",
      "html-webpack-plugin": "^5.5.0",
      "webpack": "^5.73.0",
      "webpack-cli": "^4.10.0",
      "webpack-dev-server": "^4.9.3"
    },
    "dependencies": {
      "react": "^18.2.0",
      "react-dom": "^18.2.0"
    }
  }

yarn manifest: 
  No manifest

Lockfile: 
  No lockfile
